<?xml version="1.0" encoding="UTF-8"?>
<!-- Generated by org.testng.reporters.JUnitXMLReporter -->
<testsuite hostname="DESKTOP-NL0PVDJ" ignored="4" name="Test" tests="3" failures="0" timestamp="2020-05-16T23:36:39 CEST" time="47.917" errors="0">
  <testcase name="loginIncorrectUsername" time="0.847" classname="tests.repository.LoginPageTests"/>
  <testcase name="loginSuccessful" time="6.701" classname="tests.repository.LoginPageTests"/>
  <testcase name="addProduct" time="38.455" classname="tests.repository.ProductsPageTests"/>
  <testcase name="editProductPriceBy100" time="0.0" classname="tests.repository.ProductsPageTests">
    <ignored/>
  </testcase> <!-- editProductPriceBy100 -->
  <testcase name="loginIncorrectPassword" time="0.0" classname="tests.repository.LoginPageTests">
    <ignored/>
  </testcase> <!-- loginIncorrectPassword -->
  <testcase name="loginSuccessful" time="0.0" classname="tests.repository.ProductsPageTests">
    <ignored/>
  </testcase> <!-- loginSuccessful -->
  <testcase name="loginUnregisteredUser" time="0.0" classname="tests.repository.LoginPageTests">
    <ignored/>
  </testcase> <!-- loginUnregisteredUser -->
</testsuite> <!-- Test -->
