<?xml version="1.0" encoding="UTF-8"?>
<!-- Generated by org.testng.reporters.JUnitXMLReporter -->
<testsuite hostname="DESKTOP-NL0PVDJ" ignored="0" name="Default test" tests="3" failures="0" timestamp="2020-05-16T23:15:30 CEST" time="40.098" errors="0">
  <testcase name="loginSuccessful" time="4.322" classname="tests.repository.ProductsPageTests"/>
  <testcase name="addProduct" time="14.902" classname="tests.repository.ProductsPageTests"/>
  <testcase name="editProductPriceBy100" time="7.052" classname="tests.repository.ProductsPageTests"/>
</testsuite> <!-- Default test -->
